<?xml version="1.0" encoding="UTF-8"?>
<testng-results skipped="0" failed="0" total="2" passed="2">
  <reporter-output>
  </reporter-output>
  <suite name="Default suite" duration-ms="43664" started-at="2020-03-07T13:46:43Z" finished-at="2020-03-07T13:47:27Z">
    <groups>
    </groups>
    <test name="Default test" duration-ms="43664" started-at="2020-03-07T13:46:43Z" finished-at="2020-03-07T13:47:27Z">
      <class name="com.javabykiran.testcases.POMTest">
        <test-method status="PASS" signature="setEnvironment()[pri:0, instance:com.javabykiran.testcases.POMTest@458ad742]" name="setEnvironment" is-config="true" duration-ms="14236" started-at="2020-03-07T19:16:43Z" finished-at="2020-03-07T19:16:58Z">
          <reporter-output>
          </reporter-output>
        </test-method> <!-- setEnvironment -->
        <test-method status="PASS" signature="verifyHomePageTitle()[pri:1, instance:com.javabykiran.testcases.POMTest@458ad742]" name="verifyHomePageTitle" duration-ms="12534" started-at="2020-03-07T19:16:58Z" finished-at="2020-03-07T19:17:11Z">
          <reporter-output>
          </reporter-output>
        </test-method> <!-- verifyHomePageTitle -->
        <test-method status="PASS" signature="verifyUsersPageTitle()[pri:2, instance:com.javabykiran.testcases.POMTest@458ad742]" name="verifyUsersPageTitle" duration-ms="16471" started-at="2020-03-07T19:17:11Z" finished-at="2020-03-07T19:17:27Z">
          <reporter-output>
          </reporter-output>
        </test-method> <!-- verifyUsersPageTitle -->
      </class> <!-- com.javabykiran.testcases.POMTest -->
    </test> <!-- Default test -->
  </suite> <!-- Default suite -->
</testng-results>
